<?xml version="1.0" encoding="UTF-8"?>
<testsuite xmlns:xsi="http://www.w3.org/2001/XMLSchema-instance" xsi:noNamespaceSchemaLocation="https://maven.apache.org/surefire/maven-surefire-plugin/xsd/surefire-test-report-3.0.xsd" version="3.0" name="pt.ua.deti.tqs.TqsStackTest" time="0.022" tests="1" errors="0" skipped="0" failures="0">
  <properties>
    <property name="sun.desktop" value="windows"/>
    <property name="awt.toolkit" value="sun.awt.windows.WToolkit"/>
    <property name="java.specification.version" value="11"/>
    <property name="sun.cpu.isalist" value="amd64"/>
    <property name="sun.jnu.encoding" value="Cp1252"/>
    <property name="java.class.path" value="C:\Users\DanielaDias\Documents\GitHub\TQS_98039\Lab1\Lab1_1\TqsStack\target\test-classes;C:\Users\DanielaDias\Documents\GitHub\TQS_98039\Lab1\Lab1_1\TqsStack\target\classes;C:\Users\DanielaDias\.m2\repository\org\junit\jupiter\junit-jupiter-engine\5.5.2\junit-jupiter-engine-5.5.2.jar;C:\Users\DanielaDias\.m2\repository\org\apiguardian\apiguardian-api\1.1.0\apiguardian-api-1.1.0.jar;C:\Users\DanielaDias\.m2\repository\org\junit\platform\junit-platform-engine\1.5.2\junit-platform-engine-1.5.2.jar;C:\Users\DanielaDias\.m2\repository\org\opentest4j\opentest4j\1.2.0\opentest4j-1.2.0.jar;C:\Users\DanielaDias\.m2\repository\org\junit\platform\junit-platform-commons\1.5.2\junit-platform-commons-1.5.2.jar;C:\Users\DanielaDias\.m2\repository\org\junit\jupiter\junit-jupiter-api\5.5.2\junit-jupiter-api-5.5.2.jar;"/>
    <property name="java.vm.vendor" value="Oracle Corporation"/>
    <property name="sun.arch.data.model" value="64"/>
    <property name="user.variant" value=""/>
    <property name="java.vendor.url" value="https://openjdk.java.net/"/>
    <property name="user.timezone" value="Europe/London"/>
    <property name="java.vm.specification.version" value="11"/>
    <property name="os.name" value="Windows 10"/>
    <property name="sun.java.launcher" value="SUN_STANDARD"/>
    <property name="user.country" value="US"/>
    <property name="sun.boot.library.path" value="C:\Program Files\Java\jdk-11.0.12\bin"/>
    <property name="sun.java.command" value="C:\Users\DanielaDias\AppData\Local\Temp\surefire7805791104941574143\surefirebooter1361997342383583928.jar C:\Users\DanielaDias\AppData\Local\Temp\surefire7805791104941574143 2022-03-10T14-44-18_299-jvmRun1 surefire13944111280086239155tmp surefire_04308561501035645447tmp"/>
    <property name="jdk.debug" value="release"/>
    <property name="surefire.test.class.path" value="C:\Users\DanielaDias\Documents\GitHub\TQS_98039\Lab1\Lab1_1\TqsStack\target\test-classes;C:\Users\DanielaDias\Documents\GitHub\TQS_98039\Lab1\Lab1_1\TqsStack\target\classes;C:\Users\DanielaDias\.m2\repository\org\junit\jupiter\junit-jupiter-engine\5.5.2\junit-jupiter-engine-5.5.2.jar;C:\Users\DanielaDias\.m2\repository\org\apiguardian\apiguardian-api\1.1.0\apiguardian-api-1.1.0.jar;C:\Users\DanielaDias\.m2\repository\org\junit\platform\junit-platform-engine\1.5.2\junit-platform-engine-1.5.2.jar;C:\Users\DanielaDias\.m2\repository\org\opentest4j\opentest4j\1.2.0\opentest4j-1.2.0.jar;C:\Users\DanielaDias\.m2\repository\org\junit\platform\junit-platform-commons\1.5.2\junit-platform-commons-1.5.2.jar;C:\Users\DanielaDias\.m2\repository\org\junit\jupiter\junit-jupiter-api\5.5.2\junit-jupiter-api-5.5.2.jar;"/>
    <property name="sun.cpu.endian" value="little"/>
    <property name="user.home" value="C:\Users\DanielaDias"/>
    <property name="user.language" value="en"/>
    <property name="java.specification.vendor" value="Oracle Corporation"/>
    <property name="java.version.date" value="2021-07-20"/>
    <property name="java.home" value="C:\Program Files\Java\jdk-11.0.12"/>
    <property name="file.separator" value="\"/>
    <property name="basedir" value="C:\Users\DanielaDias\Documents\GitHub\TQS_98039\Lab1\Lab1_1\TqsStack"/>
    <property name="java.vm.compressedOopsMode" value="Zero based"/>
    <property name="line.separator" value="&#10;"/>
    <property name="java.specification.name" value="Java Platform API Specification"/>
    <property name="java.vm.specification.vendor" value="Oracle Corporation"/>
    <property name="java.awt.graphicsenv" value="sun.awt.Win32GraphicsEnvironment"/>
    <property name="surefire.real.class.path" value="C:\Users\DanielaDias\AppData\Local\Temp\surefire7805791104941574143\surefirebooter1361997342383583928.jar"/>
    <property name="user.script" value=""/>
    <property name="sun.management.compiler" value="HotSpot 64-Bit Tiered Compilers"/>
    <property name="java.runtime.version" value="11.0.12+8-LTS-237"/>
    <property name="user.name" value="DanielaDias"/>
    <property name="path.separator" value=";"/>
    <property name="os.version" value="10.0"/>
    <property name="java.runtime.name" value="Java(TM) SE Runtime Environment"/>
    <property name="file.encoding" value="Cp1252"/>
    <property name="java.vm.name" value="Java HotSpot(TM) 64-Bit Server VM"/>
    <property name="java.vendor.version" value="18.9"/>
    <property name="localRepository" value="C:\Users\DanielaDias\.m2\repository"/>
    <property name="java.vendor.url.bug" value="https://bugreport.java.com/bugreport/"/>
    <property name="java.io.tmpdir" value="C:\Users\DANIEL~1\AppData\Local\Temp\"/>
    <property name="java.version" value="11.0.12"/>
    <property name="user.dir" value="C:\Users\DanielaDias\Documents\GitHub\TQS_98039\Lab1\Lab1_1\TqsStack"/>
    <property name="os.arch" value="amd64"/>
    <property name="java.vm.specification.name" value="Java Virtual Machine Specification"/>
    <property name="java.awt.printerjob" value="sun.awt.windows.WPrinterJob"/>
    <property name="sun.os.patch.level" value=""/>
    <property name="java.library.path" value="C:\Program Files\Java\jdk-11.0.12\bin;C:\WINDOWS\Sun\Java\bin;C:\WINDOWS\system32;C:\WINDOWS;C:\Program Files\Java\jdk-11.0.12\bin;C:\Program Files\Java\jdk-11.0.12\bin;C:\Program Files\Java\jdk-11.0.12\bin;C:\Program Files\Java\jdk-11.0.12\bin;C:\Program Files\Java\jdk-11.0.12\bin;C:\Program Files\Java\jdk-11.0.12\bin;C:\WINDOWS\System32;C:\WINDOWS\system32;C:\WINDOWS;C:\WINDOWS\System32\Wbem;C:\WINDOWS\System32\WindowsPowerShell\v1.0\;C:\WINDOWS\System32\OpenSSH\;C:\Program Files\Microsoft SQL Server\Client SDK\ODBC\170\Tools\Binn\;C:\Program Files\Microsoft SQL Server\150\DTS\Binn\;C:\Program Files\dotnet\;C:\Program Files (x86)\dotnet\;C:\MongoDBTools\bin;C:\Users\DanielaDias\AppData\Local\Programs\Python\Python310\;C:\Users\DanielaDias\AppData\Local\Programs\Python\Python310\Scripts\;;C:\Program Files\Docker\Docker\resources\bin;C:\ProgramData\DockerDesktop\version-bin;C:\Users\DanielaDias\AppData\Local\Microsoft\WindowsApps;C:\Users\DanielaDias\.dotnet\tools;C:\Users\DanielaDias\AppData\Local\Programs\Microsoft VS Code\bin;C:\Users\DanielaDias\AppData\Local\GitHubDesktop\bin;C:\Program Files\Azure Data Studio\bin;C:\Users\DanielaDias\AppData\Roaming\npm;C:\Users\DanielaDias\AppData\Roaming\nvm;C:\Program Files\nodejs;C:\Program Files\Java\jdk-16\bin;C:\Maven\apache-maven-3.8.3\bin;C:\Program Files\JetBrains\PyCharm 2021.2.2\bin;C:\Cassandra\bin;C:\WINDOWS\system32;C:\WINDOWS;C:\WINDOWS\System32\Wbem;C:\WINDOWS\System32\WindowsPowerShell\v1.0\;C:\WINDOWS\System32\OpenSSH\;C:\Program Files\Microsoft SQL Server\Client SDK\ODBC\170\Tools\Binn\;C:\Program Files\Microsoft SQL Server\150\DTS\Binn\;C:\Program Files\dotnet\;C:\Program Files (x86)\dotnet\;C:\MongoDBTools\bin;C:\Users\DanielaDias\AppData\Local\Programs\Python\Python310\;C:\Users\DanielaDias\AppData\Local\Programs\Python\Python310\Scripts\;;C:\Program Files\Docker\Docker\resources\bin;C:\ProgramData\DockerDesktop\version-bin;C:\Program Files\NVIDIA Corporation\NVIDIA NvDLISR;C:\WINDOWS\system32;C:\WINDOWS;C:\WINDOWS\System32\Wbem;C:\WINDOWS\System32\WindowsPowerShell\v1.0\;C:\WINDOWS\System32\OpenSSH\;C:\Program Files\Microsoft SQL Server\Client SDK\ODBC\170\Tools\Binn\;C:\Program Files\Microsoft SQL Server\150\DTS\Binn\;C:\Program Files\dotnet\;C:\Program Files (x86)\dotnet\;C:\MongoDBTools\bin;C:\Users\DanielaDias\AppData\Local\Programs\Python\Python310\;C:\Users\DanielaDias\AppData\Local\Programs\Python\Python310\Scripts\;;C:\Program Files\Docker\Docker\resources\bin;C:\ProgramData\DockerDesktop\version-bin;C:\Users\DanielaDias\AppData\Local\Microsoft\WindowsApps;C:\Users\DanielaDias\.dotnet\tools;C:\Users\DanielaDias\AppData\Local\Programs\Microsoft VS Code\bin;C:\Users\DanielaDias\AppData\Local\GitHubDesktop\bin;C:\Program Files\Azure Data Studio\bin;C:\Users\DanielaDias\AppData\Roaming\npm;C:\Users\DanielaDias\AppData\Roaming\nvm;C:\Program Files\nodejs;C:\Program Files\Java\jdk-16\bin;C:\Maven\apache-maven-3.8.3\bin;C:\Program Files\JetBrains\PyCharm 2021.2.2\bin;C:\Cassandra\bin;C:\WINDOWS\system32;C:\WINDOWS;C:\WINDOWS\System32\Wbem;C:\WINDOWS\System32\WindowsPowerShell\v1.0\;C:\WINDOWS\System32\OpenSSH\;C:\Program Files\Microsoft SQL Server\Client SDK\ODBC\170\Tools\Binn\;C:\Program Files\Microsoft SQL Server\150\DTS\Binn\;C:\Program Files\dotnet\;C:\Program Files (x86)\dotnet\;C:\MongoDBTools\bin;C:\Users\DanielaDias\AppData\Local\Programs\Python\Python310\;C:\Users\DanielaDias\AppData\Local\Programs\Python\Python310\Scripts\;;C:\Program Files\Docker\Docker\resources\bin;C:\ProgramData\DockerDesktop\version-bin;C:\Program Files\NVIDIA Corporation\NVIDIA NvDLISR;C:\WINDOWS\system32;C:\WINDOWS;C:\WINDOWS\System32\Wbem;C:\WINDOWS\System32\WindowsPowerShell\v1.0\;C:\WINDOWS\System32\OpenSSH\;C:\Program Files\Microsoft SQL Server\Client SDK\ODBC\170\Tools\Binn\;C:\Program Files\Microsoft SQL Server\150\DTS\Binn\;C:\Program Files\dotnet\;C:\Program Files (x86)\dotnet\;C:\MongoDBTools\bin;C:\Users\DanielaDias\AppData\Local\Programs\Python\Python310\;C:\Users\DanielaDias\AppData\Local\Programs\Python\Python310\Scripts\;;C:\Program Files\Docker\Docker\resources\bin;C:\ProgramData\DockerDesktop\version-bin;C:\Users\DanielaDias\AppData\Local\Microsof;C:\Users\DanielaDias\AppData\Local\Microsoft\WindowsApps;C:\Users\DanielaDias\.dotnet\tools;C:\Users\DanielaDias\AppData\Local\Programs\Microsoft VS Code\bin;C:\Users\DanielaDias\AppData\Local\GitHubDesktop\bin;C:\Program Files\Azure Data Studio\bin;C:\Users\DanielaDias\AppData\Roaming\npm;C:\Users\DanielaDias\AppData\Roaming\nvm;C:\Program Files\nodejs;C:\Program Files\Java\jdk-16\bin;C:\Maven\apache-maven-3.8.3\bin;C:\Program Files\JetBrains\PyCharm 2021.2.2\bin;;C:\Cassandra\bin;C:\Users\DanielaDias\AppData\Local\Programs\Python\Python310;;."/>
    <property name="java.vendor" value="Oracle Corporation"/>
    <property name="java.vm.info" value="mixed mode"/>
    <property name="java.vm.version" value="11.0.12+8-LTS-237"/>
    <property name="sun.io.unicode.encoding" value="UnicodeLittle"/>
    <property name="java.class.version" value="55.0"/>
  </properties>
  <testcase name="testGet" classname="pt.ua.deti.tqs.TqsStackTest" time="0.017"/>
</testsuite>